<?xml version="1.0" encoding="UTF-8"?>
<!-- Generated by org.testng.reporters.JUnitXMLReporter -->
<testsuite ignored="0" hostname="TYSS-Akash-Deb" failures="0" tests="2" name="Test" time="30.942" errors="0" timestamp="24 Jan 2024 07:13:24 GMT">
  <testcase classname="opportunities_module.CreateOpportunitiesTest" name="createOpportunitiesWithOrganizationNameAndCampaignNameAndVerifyTest" time="16.092"/>
  <testcase classname="leads_module.ToCreateALeadTest" name="toCreateALeadAndToVerifyTheLeadDetails" time="5.493"/>
</testsuite> <!-- Test -->
