<?xml version="1.0" encoding="UTF-8"?>
<testsuite xmlns:xsi="http://www.w3.org/2001/XMLSchema-instance" xsi:noNamespaceSchemaLocation="https://maven.apache.org/surefire/maven-surefire-plugin/xsd/surefire-test-report-3.0.xsd" version="3.0" name="TestSuite" time="31.981" tests="2" errors="0" skipped="0" failures="0">
  <properties>
[...]
</properties>
  <testcase name="createOpportunitiesWithOrganizationNameAndCampaignNameAndVerifyTest" classname="opportunities_module.CreateOpportunitiesTest" time="16.094">
    <system-out><![CDATA[[TestNGContentHandler] [WARN] It is strongly recommended to add "<!DOCTYPE suite SYSTEM "http://testng.org/testng-1.0.dtd" >" at the top of your file, otherwise TestNG may fail or not work as expected.
The browser is launched
The URL is navigated
Login in to Application
Pass: the organization has been created
Pass: the campaign has been created
Pass: the opportunity has been created
]]></system-out>
    <system-err><![CDATA[ERROR StatusLogger Log4j2 could not find a logging implementation. Please add log4j-core to the classpath. Using SimpleLogger to log to the console...
]]></system-err>
  </testcase>
  <testcase name="toCreateALeadAndToVerifyTheLeadDetails" classname="leads_module.ToCreateALeadTest" time="5.494">
    <system-out><![CDATA[Sign out from the application
The Browser is closed
The browser is launched
The URL is navigated
Login in to Application
Pass: the Lead has been created
]]></system-out>
  </testcase>
</testsuite>